[6, 38, 37, 5]
[722, 690, 691, 723]
[917, 885, 916, 884]
[133, 134, 166, 165]
[212, 211, 243, 244]
[7, 8, 39, 40]
[48, 16, 15, 47]
[288, 319, 287, 256]
[705, 706, 738, 737]
[1007, 1008, 976, 975]
[687, 686, 718, 719]
[911, 943, 944, 912]
[1020, 1019, 987, 988]
[701, 700, 732, 733]
[251, 250, 282, 283]
[847, 815, 846, 814]
[808, 807, 775, 776]
[583, 552, 520, 519, 550, 582]
[513, 512, 481, 480]
[665, 664, 631, 598, 566, 567, 600, 633]
[1011, 20, 52, 51, 18, 1010]
[183, 184, 152, 151]
[339, 371, 372, 340]
[217, 216, 184, 185]
[332, 300, 301, 333]
[429, 428, 460, 461]
[104, 103, 71, 72]
[687, 719, 718, 686]
[284, 316, 315, 283]
[195, 194, 162, 163]
[711, 743, 744, 712]
[468, 467, 499, 500]
[865, 833, 834, 866]
[457, 456, 425, 424]
[118, 150, 151, 119]
[997, 965, 966, 998]
[990, 989, 1021, 1022]
[9, 10, 42, 41]
[532, 533, 501, 500]
[204, 205, 173, 172]
[741, 742, 710, 709]
[581, 580, 548, 549]
[929, 930, 898, 897]
[493, 525, 524, 492]
[341, 340, 308, 309]
[425, 424, 456, 457]
[288, 256, 287, 319]
[143, 175, 176, 144]
[686, 718, 719, 687]
[409, 441, 442, 410]
[56, 57, 89, 88]
[435, 467, 466, 434]
[100, 99, 68, 67]
[114, 115, 147, 146]
[474, 442, 443, 475]
[1013, 981, 982, 1014]
[499, 498, 530, 531]
[607, 576, 608, 639]
[1014, 1015, 23, 22]
[464, 465, 433, 432]
[169, 168, 200, 201]
[498, 497, 465, 466]
[884, 885, 918, 950, 949, 916]
[709, 710, 742, 741]
[413, 445, 446, 414]
[849, 817, 816, 848]
[218, 219, 187, 186]
[461, 429, 428, 460]
[690, 691, 723, 722]
[536, 537, 505, 504]
[792, 824, 823, 791]
[776, 808, 807, 775]
[495, 463, 464, 496]
[782, 781, 813, 814]
[545, 577, 576, 544]
[416, 385, 386, 418, 449, 448]
[8, 7, 39, 40]
[701, 700, 733, 732]
[443, 442, 474, 475]
[822, 821, 789, 790]
[830, 831, 862, 863]
[305, 337, 336, 304]
[375, 374, 406, 407]
[744, 712, 711, 743]
[581, 580, 548, 549]
[311, 279, 280, 312]
[447, 416, 384, 415]
[104, 72, 71, 103]
[275, 274, 242, 243]
[748, 780, 781, 749]
[327, 359, 360, 328]
[313, 314, 282, 281]
[431, 399, 400, 432]
[656, 624, 625, 657]
[549, 581, 580, 548]
[831, 830, 862, 863]
[107, 75, 76, 108]
[645, 677, 678, 646]
[515, 514, 482, 483]
[587, 588, 620, 619]
[776, 808, 807, 775]
[846, 845, 878, 877]
[954, 986, 987, 955]
[339, 338, 305, 273, 274, 307]
[186, 218, 187, 219]
[415, 384, 416, 447]
[742, 741, 709, 710]
[710, 742, 741, 709]
[533, 501, 500, 532]
[429, 428, 460, 461]
[214, 213, 245, 246]
[68, 67, 99, 100]
[823, 824, 792, 791]
[14, 15, 1006, 1007]
[235, 234, 266, 267]
[576, 577, 545, 544]
[169, 168, 200, 201]
[232, 233, 265, 264]
[141, 109, 108, 140]
[118, 119, 151, 150]
[168, 169, 201, 200]
[691, 690, 722, 723]
[817, 818, 786, 785]
[797, 765, 764, 796]
[201, 200, 168, 169]
[687, 719, 718, 686]
[802, 770, 769, 801]
[954, 986, 987, 955]
[546, 547, 579, 578]
[464, 463, 495, 496]
[67, 99, 100, 68]
[168, 200, 201, 169]
[690, 691, 723, 722]
[492, 524, 525, 493]
[809, 841, 840, 808]
[104, 103, 72, 71]
[37, 5, 6, 38]
[103, 71, 72, 104]
[792, 791, 823, 824]
[218, 219, 187, 186]
[429, 461, 460, 428]
[446, 445, 413, 414]
[954, 986, 987, 955]
[495, 463, 464, 496]
[496, 495, 463, 464]
[452, 484, 483, 451]
[658, 626, 627, 659]
[877, 845, 878, 846]
[501, 500, 532, 533]
[308, 340, 341, 309]
[380, 381, 413, 412]
[690, 691, 723, 722]
[719, 718, 687, 686]
[357, 389, 388, 356]
[990, 989, 1021, 1022]
[623, 622, 654, 655]
[267, 235, 234, 266]
[7, 39, 40, 8]
[475, 474, 442, 443]
[168, 200, 201, 169]
[6, 38, 37, 5]
[495, 463, 464, 496]
[687, 719, 718, 686]
[549, 581, 580, 548]
[831, 830, 862, 863]
[218, 219, 187, 186]
[955, 954, 986, 987]
[469, 468, 437, 436]
[284, 316, 315, 283]
[457, 425, 424, 456]
[806, 838, 839, 807]
[691, 690, 722, 723]
[436, 468, 469, 437]
[274, 307, 339, 338, 305, 273]
[792, 824, 823, 791]
[119, 151, 150, 118]
[429, 428, 460, 461]
[399, 431, 400, 432]
[386, 354, 387, 355]
[282, 314, 313, 281]
[397, 396, 364, 365]
[204, 205, 173, 172]
[690, 691, 723, 722]
[968, 936, 937, 969]
[722, 690, 691, 723]
[429, 428, 460, 461]
[456, 424, 457, 425]
[690, 691, 723, 722]
[168, 200, 201, 169]
[465, 466, 498, 497]
[261, 260, 228, 229]
[266, 234, 235, 267]
[709, 710, 742, 741]
[201, 200, 168, 169]
[275, 274, 242, 243]
[759, 727, 728, 760]
[687, 719, 718, 686]
[8, 7, 39, 40]
[656, 624, 625, 657]
[741, 709, 710, 742]
[169, 168, 200, 201]
[549, 581, 580, 548]
[244, 245, 277, 276]
[691, 723, 722, 690]
[723, 722, 690, 691]
[201, 200, 168, 169]
[830, 831, 862, 863]
[748, 780, 781, 749]
[201, 200, 168, 169]
[68, 67, 99, 100]
[218, 219, 187, 186]
[495, 463, 464, 496]
[4, 3, 35, 36]
[311, 279, 280, 312]
[690, 691, 723, 722]
[690, 691, 723, 722]
[727, 759, 760, 728]
[116, 117, 149, 148]
[341, 340, 308, 309]
[281, 313, 314, 282]
[645, 677, 678, 646]
[327, 359, 360, 328]
[327, 359, 360, 328]
[341, 340, 308, 309]
[421, 420, 452, 453]
[687, 719, 718, 686]
[275, 274, 242, 243]
[656, 624, 625, 657]
[281, 313, 314, 282]
[476, 508, 507, 475]
[441, 473, 472, 440]
[620, 619, 587, 588]
[581, 580, 548, 549]
[645, 677, 678, 646]
[998, 966, 965, 997]
[782, 781, 813, 814]
[234, 266, 267, 235]
[397, 365, 364, 396]
[687, 686, 718, 719]
[456, 424, 425, 457]
[19, 1011, 18, 1010]
[833, 865, 834, 866]
[10, 9, 41, 42]
[143, 175, 176, 144]
[431, 463, 462, 430]
[822, 821, 789, 790]
[312, 311, 279, 280]
[831, 830, 862, 863]
[801, 769, 770, 802]
[546, 547, 579, 578]
[18, 1010, 1011, 19]
[218, 219, 187, 186]
[461, 429, 428, 460]
[709, 710, 741, 742]
[646, 645, 677, 678]
[997, 6, 5, 965, 998, 37, 38, 966]
[954, 986, 987, 955]
[267, 235, 234, 266]
[690, 691, 723, 722]
[792, 791, 823, 824]
[624, 625, 656, 657]
[687, 719, 718, 686]
[722, 690, 723, 691]
[966, 965, 998, 997]
[690, 691, 723, 722]
[363, 362, 394, 395]
[551, 550, 582, 583]
[690, 691, 723, 722]
[498, 530, 531, 499]
[6, 5, 37, 38]
[218, 219, 187, 186]
[547, 579, 578, 546]
[400, 399, 430, 462, 463, 432]
[429, 428, 460, 461]
[687, 719, 718, 686]
[218, 219, 187, 186]
[645, 677, 678, 646]
[235, 234, 266, 267]
[429, 428, 460, 461]
[429, 428, 460, 461]
[138, 137, 169, 170]
[218, 219, 187, 186]
[218, 219, 187, 186]
[429, 428, 460, 461]
[67, 99, 100, 68]
[274, 307, 339, 338, 305, 273]
[429, 428, 460, 461]
[915, 947, 948, 916]
[234, 235, 266, 267]
[218, 219, 187, 186]
[830, 831, 862, 863]
[1011, 19, 18, 1010]
[218, 219, 187, 186]
[5, 6, 37, 38]
[1008, 1009, 16, 17]
[792, 791, 823, 824]
[709, 710, 742, 741]
[549, 581, 580, 548]
[831, 830, 862, 863]
[38, 37, 5, 6]
[831, 830, 862, 863]
[17, 16, 1008, 1009]
[807, 806, 838, 839]
[742, 741, 709, 710]
[904, 905, 873, 872]
[831, 830, 862, 863]
[447, 415, 384, 416]
[416, 384, 415, 447]
[284, 316, 315, 283]
[656, 624, 625, 657]
[495, 463, 464, 496]
[687, 686, 718, 719]
[1011, 19, 18, 1010]
[495, 463, 496, 464]
[576, 608, 639, 607]
[645, 644, 612, 613]
[690, 691, 723, 722]
[501, 500, 532, 533]
[436, 468, 469, 437]
[267, 235, 234, 266]
[6, 38, 37, 5]
[807, 806, 838, 839]
[883, 851, 852, 884]
[690, 691, 723, 722]
[235, 234, 266, 267]
[797, 765, 764, 796]
[339, 338, 305, 273, 274, 307]
[954, 986, 987, 955]
[313, 314, 282, 281]
[282, 314, 313, 281]
[792, 791, 823, 824]
[838, 806, 807, 839]
[954, 986, 987, 955]
[830, 831, 862, 863]
[792, 824, 823, 791]
[218, 219, 187, 186]
[687, 719, 718, 686]
[528, 560, 559, 527]
[831, 830, 863, 862]
[429, 428, 460, 461]
[691, 723, 722, 690]
[742, 710, 709, 741]
[4, 3, 35, 36]
[660, 661, 630, 598, 597, 628]
[656, 624, 625, 657]
[549, 581, 580, 548]
[508, 507, 475, 476]
[790, 822, 821, 789]
[954, 986, 987, 955]
[415, 447, 416, 384]
[234, 266, 267, 235]
[954, 986, 987, 955]
[986, 954, 987, 955]
[235, 234, 266, 267]
[955, 954, 986, 987]
[954, 986, 987, 955]
[709, 710, 742, 741]
[38, 6, 5, 37]
[954, 986, 987, 955]
[284, 316, 315, 283]
[804, 805, 836, 837]
[954, 986, 987, 955]
[4, 3, 35, 36]
[814, 813, 781, 782]
[690, 691, 723, 722]
[67, 68, 100, 99]
[709, 710, 742, 741]
[865, 833, 834, 866]
[691, 723, 722, 690]
[429, 428, 460, 461]
[807, 806, 838, 839]
[100, 99, 67, 68]
[100, 99, 67, 68]
[8, 7, 39, 40]
[429, 428, 460, 461]
[284, 316, 315, 283]
[264, 232, 265, 233]
[218, 219, 187, 186]
[547, 579, 578, 546]
[792, 824, 823, 791]
[461, 429, 428, 460]
[67, 99, 100, 68]
[267, 235, 234, 266]
[8, 7, 39, 40]
[429, 428, 460, 461]
[275, 243, 242, 274]
[429, 428, 460, 461]
[235, 234, 266, 267]
[690, 691, 723, 722]
[68, 67, 99, 100]
[155, 124, 92, 91, 122, 154]
[546, 547, 579, 578]
[741, 709, 710, 742]
[429, 428, 460, 461]
[461, 429, 428, 460]
[235, 234, 266, 267]
[8, 7, 39, 40]
[67, 99, 100, 68]
[742, 741, 709, 710]
[267, 235, 234, 266]
[251, 284, 316, 315, 282, 250]
[549, 581, 580, 548]
[4, 36, 3, 35]
[8, 7, 39, 40]
[36, 4, 3, 35]
[40, 41, 73, 72]
[623, 622, 654, 655]
[627, 626, 658, 659]
[656, 624, 625, 657]
[429, 428, 460, 461]
[690, 691, 723, 722]
[6, 38, 37, 5]
[581, 580, 548, 549]
[267, 235, 234, 266]
[495, 463, 464, 496]
[549, 581, 580, 548]
[709, 710, 742, 741]
[4, 3, 35, 36]
[831, 830, 862, 863]
[822, 821, 789, 790]
[414, 415, 383, 382]
[235, 234, 266, 267]
[690, 691, 723, 722]
[495, 463, 464, 496]
[709, 710, 742, 741]
[955, 923, 924, 956]
[936, 937, 969, 968]
[687, 719, 718, 686]
[690, 691, 723, 722]
[831, 830, 862, 863]
[218, 219, 187, 186]
[690, 691, 723, 722]
[690, 691, 723, 722]
[965, 966, 998, 997]
[655, 623, 654, 622]
[690, 691, 723, 722]
[6, 5, 38, 37]
[6, 38, 37, 5]
[267, 235, 234, 266]
[546, 547, 579, 578]
[218, 219, 187, 186]
[997, 965, 966, 998]
[475, 474, 443, 442]
[807, 806, 838, 839]
[6, 5, 37, 38]
[549, 548, 581, 580]
[218, 219, 187, 186]
[656, 624, 625, 657]
[691, 723, 722, 690]
[864, 832, 895, 863]
[138, 137, 169, 170]
[68, 67, 99, 100]
[429, 428, 460, 461]
[235, 234, 266, 267]
[235, 234, 266, 267]
[6, 38, 37, 5]
[549, 581, 580, 548]
[690, 691, 723, 722]
[549, 581, 580, 548]
[687, 719, 718, 686]
[956, 924, 923, 955]
[690, 691, 723, 722]
[969, 968, 936, 937]
[235, 234, 266, 267]
[371, 403, 402, 370]
[722, 723, 690, 691]
[106, 107, 139, 138]
[327, 359, 360, 328]
[341, 340, 308, 309]
[656, 624, 625, 657]
[986, 987, 955, 954]
[968, 936, 937, 969]
[218, 219, 187, 186]
[306, 307, 339, 338]
[625, 657, 656, 624]
[690, 691, 723, 722]
[549, 581, 580, 548]
[955, 954, 986, 987]
[6, 38, 37, 5]
[67, 99, 100, 68]
[723, 722, 690, 691]
[530, 498, 499, 531]
[687, 719, 718, 686]
[690, 691, 723, 722]
[266, 267, 235, 234]
[169, 168, 200, 201]
[687, 719, 718, 686]
[429, 428, 460, 461]
[549, 581, 580, 548]
[327, 326, 294, 295]
[475, 474, 442, 443]
[690, 691, 723, 722]
[690, 691, 723, 722]
[690, 691, 723, 722]
[710, 742, 741, 709]
[968, 936, 937, 969]
[105, 137, 136, 104]
[659, 658, 626, 627]
[5, 37, 38, 6]
[792, 791, 823, 824]
[984, 985, 953, 952]
[656, 624, 625, 657]
[687, 719, 718, 686]
[267, 235, 234, 266]
[656, 624, 625, 657]
[690, 691, 723, 722]
[495, 463, 464, 496]
[461, 429, 428, 460]
[429, 428, 460, 461]
[690, 691, 723, 722]
[806, 838, 839, 807]
[720, 721, 689, 688]
[923, 924, 956, 955]
[549, 581, 580, 548]
[6, 38, 37, 5]
[690, 691, 723, 722]
[548, 549, 580, 581]
[690, 691, 723, 722]
[807, 806, 838, 839]
[546, 547, 579, 578]
[68, 67, 99, 100]
[267, 235, 234, 266]
[749, 748, 780, 781]
[797, 765, 764, 796]
[169, 201, 200, 168]
[169, 168, 200, 201]
[690, 691, 723, 722]
[417, 418, 387, 355, 354, 385]
[218, 219, 187, 186]
[235, 234, 266, 267]
[100, 99, 67, 68]
[202, 203, 171, 170]
[155, 123, 122, 154]
[690, 722, 691, 723]
[806, 838, 839, 807]
[67, 99, 100, 68]
[956, 924, 923, 955]
[307, 339, 338, 306]
[656, 624, 625, 657]
[687, 719, 718, 686]
[690, 691, 723, 722]
[624, 625, 657, 656]
[218, 219, 187, 186]
[267, 235, 234, 266]
[690, 691, 723, 722]
[306, 307, 339, 338]
[267, 235, 234, 266]
[267, 235, 234, 266]
[581, 549, 580, 548]
[690, 691, 723, 722]
[687, 719, 718, 686]
[657, 656, 624, 625]
[549, 581, 580, 548]
[261, 260, 228, 229]
[954, 986, 987, 955]
[429, 428, 460, 461]
[401, 433, 434, 402]
[475, 474, 442, 443]
[67, 99, 100, 68]
[741, 709, 710, 742]
[691, 723, 722, 690]
[687, 719, 718, 686]
[690, 691, 723, 722]
[218, 219, 187, 186]
[633, 632, 665, 664]
[797, 765, 764, 796]
[690, 691, 723, 722]
[429, 428, 460, 461]
[100, 68, 67, 99]
[307, 339, 338, 306]
[307, 339, 338, 306]
[6, 5, 37, 38]
[421, 420, 452, 453]
[807, 806, 838, 839]
[656, 624, 625, 657]
[769, 770, 802, 801]
[690, 691, 723, 722]
[429, 428, 460, 461]
[67, 99, 100, 68]
[241, 240, 272, 273]
[240, 241, 273, 272]
[244, 245, 277, 276]
[218, 219, 187, 186]
[244, 212, 211, 243]
[311, 279, 280, 312]
[656, 624, 625, 657]
[690, 691, 723, 722]
[623, 622, 654, 655]
[691, 723, 722, 690]
[549, 581, 580, 548]
[122, 154, 155, 123]
[665, 664, 632, 633]
[68, 67, 99, 100]
[792, 791, 823, 824]
[968, 936, 937, 969]
[267, 235, 234, 266]
[267, 235, 234, 266]
[169, 168, 200, 201]
[305, 304, 336, 337]
[304, 305, 337, 336]
[665, 664, 632, 633]
[741, 709, 710, 742]
[807, 806, 838, 839]
[475, 474, 442, 443]
[240, 241, 273, 272]
[240, 241, 273, 272]
[549, 581, 580, 548]
[273, 241, 272, 240]
[687, 719, 718, 686]
[218, 219, 187, 186]
[766, 767, 799, 798]
[306, 338, 307, 339]
[307, 339, 306, 338]
[38, 37, 5, 6]
[305, 304, 336, 337]
[68, 67, 99, 100]
[687, 719, 718, 686]
[243, 211, 244, 212]
[1017, 25, 24, 1016]
[243, 211, 212, 244]
[687, 719, 718, 686]
[580, 548, 549, 581]
[664, 696, 695, 663]
[243, 244, 212, 211]
[548, 580, 581, 549]
[245, 246, 213, 214]
[169, 168, 200, 201]
[695, 663, 664, 696]
[687, 719, 718, 686]
[665, 664, 632, 633]
[415, 414, 382, 383]
[401, 402, 434, 433]
[687, 719, 718, 686]
[218, 219, 187, 186]
[664, 632, 633, 665]
[246, 214, 213, 245]
[728, 727, 759, 760]
[954, 986, 987, 955]
[241, 273, 272, 240]
[211, 179, 178, 210]
[115, 83, 84, 116]
[337, 336, 304, 305]
[272, 240, 241, 273]
[742, 741, 709, 710]
[697, 729, 728, 696]
[600, 599, 631, 632]
[337, 336, 304, 305]
[304, 305, 337, 336]
[401, 402, 434, 433]
[243, 275, 274, 242]
[240, 272, 273, 241]
[687, 719, 718, 686]
[732, 700, 733, 701]
[240, 272, 273, 241]
[271, 270, 238, 239]
[273, 272, 240, 241]
[633, 601, 602, 634]
[728, 696, 697, 729]
[696, 728, 729, 697]
[729, 728, 696, 697]
[549, 581, 580, 548]
[273, 272, 240, 241]
[238, 270, 271, 239]
[729, 697, 696, 728]
[273, 241, 240, 272]
[59, 60, 28, 27]
[697, 696, 728, 729]
[695, 696, 664, 663]
[242, 241, 209, 210]
[998, 997, 965, 966]
[731, 699, 698, 730]
[764, 765, 797, 796]
[761, 729, 730, 762]
[599, 600, 632, 631]
[305, 306, 274, 273]
[729, 730, 761, 762]
[664, 663, 695, 696]
[339, 338, 305, 273, 274, 307]
[695, 696, 664, 663]
[666, 665, 697, 698]
[697, 698, 666, 665]
[666, 665, 697, 698]
[998, 997, 965, 966]
[666, 665, 697, 698]
[698, 697, 666, 665]
[666, 665, 697, 698]
[666, 665, 697, 698]
[273, 274, 307, 339, 338, 305]
[698, 697, 666, 665]
[697, 698, 666, 665]
[666, 665, 697, 698]
[665, 697, 666, 698]
[666, 665, 697, 698]
[666, 665, 697, 698]
[666, 698, 697, 665]
[268, 236, 237, 269]
[727, 728, 760, 759]
[274, 307, 339, 338, 305, 273]
[665, 666, 698, 697]
[698, 666, 665, 697]
[698, 666, 665, 697]
[698, 697, 665, 666]
[698, 666, 665, 697]
[698, 666, 665, 697]
[665, 697, 698, 666]
[762, 794, 795, 763]
[998, 997, 965, 966]
[759, 760, 728, 727]
[697, 698, 666, 665]
[998, 6, 7, 999]
[697, 698, 666, 665]
[698, 666, 697, 665]
[730, 698, 699, 731]
[730, 698, 699, 731]
[730, 698, 699, 731]
[730, 698, 699, 731]
[730, 698, 699, 731]
[730, 698, 699, 731]
[697, 698, 666, 665]
[697, 698, 666, 665]
[731, 730, 698, 699]
[666, 667, 635, 634]
[730, 731, 699, 698]
[731, 699, 698, 730]
[730, 731, 699, 698]
[699, 731, 698, 730]
[666, 667, 634, 635]
[828, 796, 795, 827]
[634, 635, 667, 666]
[666, 634, 635, 667]
[666, 634, 635, 667]
[666, 634, 635, 667]
[635, 667, 666, 634]
[731, 732, 764, 763]
[829, 828, 860, 861]
[696, 695, 663, 664]
[664, 663, 696, 695]
[763, 731, 732, 764]
[569, 537, 538, 570]
[732, 764, 763, 731]
[569, 537, 538, 570]
[661, 660, 628, 629]
[764, 763, 731, 732]
[763, 731, 732, 764]
[537, 538, 570, 569]
[669, 670, 701, 702]
[666, 634, 635, 667]
[602, 570, 603, 571]
[666, 634, 635, 667]
[570, 602, 603, 571]
[693, 694, 661, 662]
[694, 693, 661, 662]
[635, 667, 666, 634]
[693, 694, 662, 661]
[571, 603, 602, 570]
[635, 634, 666, 667]
[763, 764, 732, 731]
[763, 764, 732, 731]
[668, 667, 699, 700]
[731, 763, 764, 732]
[601, 569, 600, 568]
[603, 602, 571, 570]
[568, 569, 600, 601]
[731, 763, 764, 732]
[600, 568, 569, 601]
[668, 667, 699, 700]
[571, 539, 540, 572]
[536, 504, 505, 537]
[637, 669, 668, 636]
[636, 637, 669, 668]
[636, 637, 669, 668]
[926, 927, 895, 894]
[663, 695, 664, 696]
[826, 858, 827, 859]
[821, 789, 790, 822]
[831, 863, 862, 830]
[862, 830, 863, 831]
[860, 861, 828, 829]
[893, 892, 924, 925]
[831, 863, 862, 830]
[725, 726, 758, 757]
