[13, 45, 46, 14]
[453, 452, 421, 420]
[585, 617, 618, 586]
[619, 587, 588, 620]
[953, 954, 922, 921]
[273, 305, 306, 274]
[448, 479, 511, 480]
[312, 280, 279, 311]
[701, 669, 670, 702]
[827, 826, 858, 859]
[353, 385, 384, 352]
[906, 907, 875, 874]
[346, 345, 377, 378]
[51, 19, 20, 52]
[244, 243, 211, 212]
[910, 878, 879, 911]
[1003, 1004, 972, 971]
[377, 378, 346, 345]
[611, 610, 642, 643]
[904, 903, 935, 936]
[968, 1000, 999, 967]
[223, 192, 224, 255]
[237, 205, 206, 238]
[960, 961, 929, 928]
[714, 682, 683, 715]
[687, 688, 656, 655]
[517, 549, 550, 518]
[866, 867, 898, 899]
[928, 929, 961, 960]
[591, 559, 590, 558]
[310, 278, 277, 309]
[961, 960, 929, 928]
[244, 212, 211, 243]
[50, 49, 17, 18]
[119, 151, 150, 118]
[241, 209, 210, 242]
[631, 599, 632, 600]
[879, 878, 910, 911]
[347, 379, 380, 348]
[292, 324, 293, 325]
[662, 661, 693, 694]
[714, 715, 682, 683]
[380, 412, 413, 381]
[909, 877, 876, 908]
[695, 663, 664, 696]
[1003, 1004, 972, 971]
[1000, 999, 968, 967]
[895, 864, 832, 863]
[242, 210, 209, 241]
[79, 80, 112, 111]
[780, 779, 811, 812]
[975, 974, 943, 942]
[842, 843, 811, 810]
[280, 312, 279, 311]
[406, 374, 375, 407]
[774, 742, 743, 775]
[337, 369, 370, 338]
[911, 910, 878, 879]
[960, 928, 929, 961]
[739, 738, 770, 771]
[677, 676, 708, 709]
[117, 116, 148, 149]
[784, 783, 815, 814, 813, 781, 782, 816]
[321, 289, 288, 351, 319, 318, 350, 320]
[344, 343, 375, 376]
[24, 1016, 1017, 25]
[448, 480, 479, 511]
[802, 834, 835, 803]
[188, 187, 155, 156]
[659, 691, 692, 660]
[329, 328, 297, 296]
[222, 254, 253, 221]
[661, 662, 694, 693]
[305, 273, 274, 306]
[856, 824, 825, 857]
[426, 394, 393, 425]
[562, 563, 595, 594]
[311, 279, 280, 312]
[1017, 1018, 986, 985]
[716, 684, 685, 717]
[1007, 1006, 14, 15]
[207, 208, 239, 240]
[828, 860, 861, 829]
[971, 1003, 972, 1004]
[398, 397, 429, 430]
[126, 94, 93, 125]
[220, 252, 251, 219]
[428, 427, 395, 396]
[968, 1000, 999, 967]
[993, 992, 0, 1]
[754, 786, 787, 755]
[426, 394, 393, 425]
[855, 856, 888, 887]
[447, 479, 478, 446]
[233, 265, 264, 232]
[829, 861, 860, 828]
[611, 643, 642, 610]
[324, 292, 325, 293]
[477, 508, 507, 475, 444, 445]
[998, 999, 7, 6]
[1003, 971, 972, 1004]
[758, 759, 791, 790]
[155, 187, 188, 156]
[712, 680, 713, 681]
[740, 739, 707, 708]
[623, 591, 592, 624]
[306, 274, 273, 305]
[375, 343, 344, 376]
[548, 580, 581, 549]
[617, 585, 586, 618]
[457, 489, 458, 490]
[520, 519, 552, 551]
[201, 233, 234, 202]
[316, 317, 349, 348]
[1023, 1022, 30, 31]
[425, 393, 394, 426]
[343, 342, 311, 310]
[525, 526, 558, 557]
[702, 670, 669, 701]
[714, 682, 683, 715]
[643, 611, 610, 642]
[878, 910, 911, 879]
[444, 445, 477, 476]
[859, 827, 826, 858]
[829, 861, 860, 828]
[351, 350, 318, 319]
[303, 335, 334, 302]
[843, 842, 810, 811]
[231, 230, 262, 263]
[305, 273, 274, 306]
[898, 899, 866, 867]
[16, 1008, 1009, 17]
[788, 789, 757, 756]
[302, 334, 335, 303]
[617, 585, 586, 618]
[394, 426, 425, 393]
[548, 580, 581, 549]
[236, 237, 269, 268]
[319, 351, 350, 318]
[960, 928, 929, 961]
[555, 556, 523, 524]
[220, 252, 251, 219]
[732, 700, 733, 701]
[654, 653, 685, 686]
[754, 786, 787, 755]
[639, 607, 576, 608]
[843, 842, 810, 811]
[339, 371, 372, 340]
[878, 879, 911, 910]
[879, 878, 910, 911]
[590, 589, 621, 622]
[381, 413, 412, 380]
[690, 658, 689, 657]
[714, 682, 683, 715]
[611, 643, 642, 610]
[539, 538, 506, 507]
[394, 426, 425, 393]
[550, 551, 582, 583]
[548, 580, 581, 549]
[786, 787, 755, 754]
[536, 535, 567, 568]
[479, 447, 478, 446]
[617, 585, 586, 618]
[467, 468, 500, 499]
[273, 305, 306, 274]
[972, 971, 1003, 1004]
[843, 811, 810, 842]
[231, 230, 262, 263]
[509, 477, 478, 510]
[954, 986, 987, 955]
[878, 910, 911, 879]
[757, 756, 788, 789]
[998, 999, 7, 6]
[1004, 1003, 972, 971]
[880, 879, 847, 848]
[426, 394, 393, 425]
[662, 661, 693, 694]
[503, 504, 472, 471]
[643, 642, 610, 611]
[705, 704, 672, 673]
[85, 84, 52, 53]
[528, 560, 559, 527]
[622, 621, 589, 590]
[828, 860, 861, 829]
[607, 575, 574, 606]
[548, 580, 581, 549]
[393, 425, 426, 394]
[829, 861, 860, 828]
[611, 610, 642, 643]
[711, 710, 678, 679]
[578, 610, 609, 577]
[1023, 1022, 30, 31]
[1003, 1004, 971, 972]
[662, 661, 693, 694]
[316, 317, 349, 348]
[612, 644, 645, 613]
[848, 847, 879, 880]
[284, 252, 253, 285]
[421, 420, 452, 453]
[548, 549, 581, 580]
[356, 324, 323, 355]
[548, 580, 581, 549]
[231, 230, 262, 263]
[273, 305, 274, 306]
[1003, 1004, 971, 972]
[318, 319, 351, 350]
[318, 319, 351, 350]
[407, 375, 374, 406]
[960, 928, 929, 961]
[789, 757, 756, 788]
[909, 910, 942, 941]
[305, 273, 274, 306]
[209, 241, 242, 210]
[393, 425, 426, 394]
[843, 842, 810, 811]
[843, 811, 810, 842]
[960, 928, 929, 961]
[426, 425, 393, 394]
[590, 589, 621, 622]
[880, 879, 847, 848]
[305, 273, 274, 306]
[1003, 1004, 972, 971]
[414, 415, 383, 382]
[621, 589, 590, 622]
[305, 273, 274, 306]
[426, 394, 393, 425]
[463, 464, 496, 495]
[555, 556, 523, 524]
[999, 1000, 968, 967]
[523, 524, 556, 555]
[351, 350, 319, 318]
[457, 489, 458, 490]
[617, 585, 586, 618]
[548, 549, 581, 580]
[847, 879, 880, 848]
[1007, 1006, 14, 15]
[371, 339, 340, 372]
[683, 715, 714, 682]
[943, 944, 912, 911]
[757, 756, 788, 789]
[489, 490, 458, 457]
[117, 116, 148, 149]
[631, 599, 600, 632]
[457, 489, 490, 458]
[485, 484, 516, 517]
[960, 928, 929, 961]
[318, 319, 351, 350]
[758, 759, 791, 790]
[589, 621, 622, 590]
[829, 861, 860, 828]
[394, 426, 425, 393]
[56, 24, 23, 55]
[928, 929, 961, 960]
[548, 580, 581, 549]
[247, 279, 278, 246]
[65, 33, 32, 64]
[548, 580, 581, 549]
[578, 577, 609, 610]
[786, 787, 755, 754]
[138, 137, 169, 170]
[1003, 1004, 972, 971]
[303, 335, 334, 302]
[829, 861, 860, 828]
[381, 413, 412, 380]
[302, 334, 335, 303]
[394, 426, 425, 393]
[425, 393, 394, 426]
[361, 329, 362, 330]
[1004, 1003, 971, 972]
[617, 585, 586, 618]
[355, 323, 356, 324]
[643, 642, 610, 611]
[548, 580, 581, 549]
[548, 580, 581, 549]
[754, 786, 787, 755]
[972, 971, 1003, 1004]
[850, 849, 881, 882]
[714, 682, 683, 715]
[893, 892, 924, 925]
[972, 971, 1003, 1004]
[353, 385, 384, 352]
[972, 971, 1003, 1004]
[525, 526, 558, 557]
[880, 879, 847, 848]
[1004, 1003, 972, 971]
[394, 426, 425, 393]
[960, 928, 929, 961]
[1023, 1022, 30, 31]
[394, 426, 425, 393]
[425, 393, 394, 426]
[273, 274, 306, 305]
[848, 880, 879, 847]
[188, 187, 155, 156]
[369, 370, 338, 337]
[848, 880, 879, 847]
[425, 393, 394, 426]
[928, 929, 961, 960]
[394, 426, 425, 393]
[372, 340, 339, 371]
[548, 549, 581, 580]
[361, 329, 330, 362]
[848, 847, 879, 880]
[426, 394, 393, 425]
[426, 394, 393, 425]
[187, 155, 156, 188]
[273, 274, 306, 305]
[305, 273, 274, 306]
[523, 524, 556, 555]
[848, 880, 879, 847]
[617, 585, 586, 618]
[1023, 1022, 30, 31]
[346, 378, 377, 345]
[155, 187, 156, 188]
[683, 715, 714, 682]
[834, 802, 803, 835]
[394, 426, 425, 393]
[971, 1003, 1004, 972]
[187, 155, 156, 188]
[829, 861, 860, 828]
[1023, 1022, 30, 31]
[274, 306, 305, 273]
[813, 812, 845, 844]
[1003, 1004, 972, 971]
[1015, 983, 1016, 984]
[843, 811, 810, 842]
[14, 46, 45, 13]
[306, 274, 273, 305]
[896, 864, 865, 897]
[425, 393, 394, 426]
[733, 701, 700, 732]
[548, 580, 581, 549]
[284, 252, 253, 285]
[318, 319, 351, 350]
[1000, 999, 967, 968]
[279, 247, 278, 246]
[231, 230, 262, 263]
[303, 335, 334, 302]
[961, 929, 928, 960]
[548, 547, 515, 516]
[343, 342, 311, 310]
[5, 997, 996, 4]
[356, 324, 323, 355]
[992, 993, 0, 1]
[1003, 1004, 972, 971]
[303, 335, 334, 302]
[303, 335, 334, 302]
[972, 971, 1003, 1004]
[241, 209, 242, 210]
[797, 796, 765, 764]
[880, 879, 847, 848]
[303, 335, 334, 302]
[305, 273, 274, 306]
[880, 879, 847, 848]
[880, 879, 847, 848]
[754, 786, 787, 755]
[318, 319, 351, 350]
[303, 335, 334, 302]
[370, 338, 337, 369]
[972, 971, 1003, 1004]
[843, 842, 810, 811]
[715, 714, 682, 683]
[318, 319, 351, 350]
[617, 585, 586, 618]
[1000, 999, 968, 967]
[318, 319, 351, 350]
[983, 1015, 1016, 984]
[425, 393, 394, 426]
[754, 786, 787, 755]
[318, 319, 351, 350]
[188, 187, 155, 156]
[828, 860, 861, 829]
[413, 381, 412, 380]
[303, 335, 334, 302]
[829, 861, 860, 828]
[972, 971, 1003, 1004]
[972, 971, 1003, 1004]
[971, 1003, 1004, 972]
[643, 611, 610, 642]
[643, 611, 610, 642]
[786, 787, 755, 754]
[968, 1000, 999, 967]
[845, 844, 812, 813]
[548, 516, 515, 547]
[426, 394, 393, 425]
[786, 787, 755, 754]
[448, 479, 511, 480]
[425, 393, 394, 426]
[1004, 1003, 971, 972]
[240, 239, 208, 207]
[426, 394, 425, 393]
[880, 879, 847, 848]
[548, 580, 581, 549]
[756, 788, 789, 757]
[1003, 971, 972, 1004]
[549, 548, 580, 581]
[548, 580, 581, 549]
[654, 653, 685, 686]
[960, 928, 929, 961]
[208, 207, 239, 240]
[843, 842, 810, 811]
[548, 580, 581, 549]
[968, 1000, 999, 967]
[580, 548, 581, 549]
[784, 785, 753, 752]
[425, 393, 394, 426]
[754, 786, 787, 755]
[960, 928, 929, 961]
[138, 137, 169, 170]
[972, 971, 1003, 1004]
[855, 856, 888, 887]
[843, 811, 810, 842]
[548, 580, 581, 549]
[548, 580, 581, 549]
[425, 393, 394, 426]
[813, 812, 844, 845]
[1003, 1004, 972, 971]
[318, 319, 351, 350]
[829, 861, 860, 828]
[968, 1000, 999, 967]
[967, 968, 1000, 999]
[843, 811, 810, 842]
[611, 610, 642, 643]
[303, 335, 334, 302]
[828, 860, 861, 829]
[318, 319, 351, 350]
[394, 426, 425, 393]
[448, 479, 511, 480]
[548, 580, 581, 549]
[588, 587, 619, 620]
[960, 928, 929, 961]
[843, 811, 810, 842]
[426, 394, 393, 425]
[548, 580, 581, 549]
[394, 426, 425, 393]
[714, 682, 683, 715]
[539, 538, 506, 507]
[972, 971, 1003, 1004]
[303, 335, 334, 302]
[590, 589, 621, 622]
[548, 580, 581, 549]
[548, 580, 581, 549]
[426, 394, 393, 425]
[786, 787, 755, 754]
[714, 682, 683, 715]
[303, 335, 334, 302]
[353, 385, 384, 352]
[829, 861, 860, 828]
[421, 420, 452, 453]
[448, 480, 479, 511]
[548, 580, 581, 549]
[303, 335, 334, 302]
[335, 334, 303, 302]
[848, 880, 879, 847]
[960, 928, 929, 961]
[187, 155, 156, 188]
[340, 339, 371, 372]
[548, 580, 581, 549]
[305, 273, 274, 306]
[548, 580, 581, 549]
[843, 811, 810, 842]
[548, 580, 581, 549]
[843, 811, 810, 842]
[829, 861, 860, 828]
[829, 861, 860, 828]
[662, 661, 693, 694]
[829, 861, 860, 828]
[548, 580, 581, 549]
[829, 828, 860, 861]
[847, 879, 880, 848]
[548, 580, 581, 549]
[437, 436, 468, 469]
[548, 580, 581, 549]
[786, 787, 755, 754]
[318, 319, 351, 350]
[755, 754, 786, 787]
[880, 879, 847, 848]
[1004, 972, 971, 1003]
[548, 580, 581, 549]
[273, 305, 306, 274]
[548, 580, 581, 549]
[471, 503, 504, 472]
[318, 319, 351, 350]
[425, 393, 394, 426]
[972, 971, 1003, 1004]
[828, 860, 861, 829]
[581, 580, 548, 549]
[303, 335, 334, 302]
[305, 273, 274, 306]
[343, 342, 311, 310]
[548, 580, 581, 549]
[843, 811, 810, 842]
[303, 335, 334, 302]
[1004, 972, 971, 1003]
[318, 319, 351, 350]
[843, 842, 810, 811]
[479, 511, 480, 448]
[829, 828, 860, 861]
[715, 714, 682, 683]
[968, 1000, 999, 967]
[843, 811, 810, 842]
[303, 335, 334, 302]
[714, 682, 683, 715]
[829, 861, 860, 828]
[617, 585, 586, 618]
[968, 967, 999, 1000]
[303, 302, 334, 335]
[548, 580, 581, 549]
[548, 580, 581, 549]
[829, 861, 860, 828]
[187, 188, 155, 156]
[1023, 1022, 30, 31]
[972, 971, 1003, 1004]
[829, 861, 860, 828]
[306, 274, 305, 273]
[303, 335, 334, 302]
[303, 335, 334, 302]
[548, 547, 515, 516]
[426, 394, 393, 425]
[972, 971, 1003, 1004]
[843, 811, 810, 842]
[828, 829, 861, 860]
[786, 787, 755, 754]
[643, 642, 610, 611]
[828, 829, 861, 860]
[318, 319, 351, 350]
[880, 879, 847, 848]
[843, 811, 810, 842]
[303, 335, 334, 302]
[643, 611, 610, 642]
[829, 861, 860, 828]
[843, 811, 810, 842]
[303, 335, 334, 302]
[661, 693, 694, 662]
[305, 273, 274, 306]
[829, 861, 860, 828]
[303, 335, 334, 302]
[880, 879, 847, 848]
[305, 273, 274, 306]
[714, 682, 683, 715]
[786, 787, 755, 754]
[843, 811, 810, 842]
[843, 811, 810, 842]
[612, 644, 645, 613]
[967, 999, 1000, 968]
[318, 319, 351, 350]
[643, 611, 610, 642]
[514, 513, 546, 545]
[378, 346, 345, 377]
[643, 611, 610, 642]
[611, 610, 642, 643]
[880, 879, 847, 848]
[303, 335, 334, 302]
[617, 585, 586, 618]
[303, 335, 334, 302]
[548, 547, 515, 516]
[1023, 1022, 30, 31]
[318, 319, 351, 350]
[643, 611, 610, 642]
[843, 811, 810, 842]
[318, 319, 351, 350]
[643, 611, 610, 642]
[829, 861, 860, 828]
[303, 335, 334, 302]
[318, 319, 351, 350]
[829, 861, 860, 828]
[983, 1015, 1016, 984]
[303, 304, 271, 272]
[843, 811, 810, 842]
[318, 319, 351, 350]
[662, 661, 693, 694]
[425, 393, 394, 426]
[305, 273, 274, 306]
[318, 319, 351, 350]
[611, 610, 642, 643]
[548, 516, 515, 547]
[829, 828, 860, 861]
[617, 585, 586, 618]
[829, 861, 860, 828]
[274, 306, 305, 273]
[829, 861, 860, 828]
[187, 155, 156, 188]
[757, 756, 788, 789]
[318, 319, 351, 350]
[305, 273, 274, 306]
[231, 230, 262, 263]
[611, 610, 642, 643]
[318, 319, 351, 350]
[929, 928, 960, 961]
[848, 880, 879, 847]
[611, 610, 642, 643]
[338, 370, 369, 337]
[284, 252, 253, 285]
[242, 210, 209, 241]
[371, 339, 372, 340]
[972, 971, 1003, 1004]
[420, 452, 453, 421]
[829, 861, 860, 828]
[305, 273, 274, 306]
[210, 209, 241, 242]
[523, 524, 556, 555]
[880, 879, 847, 848]
[797, 765, 764, 796]
[340, 339, 371, 372]
[880, 879, 847, 848]
[848, 880, 879, 847]
[318, 319, 351, 350]
[275, 276, 308, 307]
[318, 319, 351, 350]
[972, 971, 1003, 1004]
[794, 795, 762, 763]
[786, 787, 755, 754]
[843, 811, 810, 842]
[829, 861, 860, 828]
[187, 155, 156, 188]
[305, 273, 274, 306]
[1023, 1022, 30, 31]
[843, 811, 810, 842]
[1023, 1022, 30, 31]
[425, 393, 394, 426]
[829, 861, 860, 828]
[370, 338, 337, 369]
[284, 252, 253, 285]
[263, 231, 230, 262]
[525, 526, 558, 557]
[643, 642, 610, 611]
[993, 992, 0, 1]
[882, 883, 915, 914]
[231, 230, 262, 263]
[848, 880, 879, 847]
[786, 787, 755, 754]
[843, 811, 810, 842]
[611, 610, 642, 643]
[971, 1003, 1004, 972]
[756, 788, 789, 757]
[85, 84, 52, 53]
[843, 811, 810, 842]
[1023, 1022, 30, 31]
[829, 861, 860, 828]
[754, 786, 787, 755]
[284, 252, 253, 285]
[829, 861, 860, 828]
[318, 319, 351, 350]
[880, 879, 847, 848]
[843, 842, 810, 811]
[284, 252, 253, 285]
[305, 273, 274, 306]
[829, 861, 860, 828]
[319, 318, 351, 350]
[843, 842, 810, 811]
[972, 971, 1003, 1004]
[548, 547, 515, 516]
[407, 406, 374, 375]
[894, 926, 927, 895]
[972, 971, 1003, 1004]
[393, 394, 426, 425]
[829, 797, 798, 830]
[1023, 1022, 30, 31]
[318, 319, 351, 350]
[972, 971, 1003, 1004]
[407, 375, 374, 406]
[425, 393, 394, 426]
[972, 971, 1003, 1004]
[187, 155, 156, 188]
[754, 786, 787, 755]
[586, 618, 617, 585]
[662, 661, 693, 694]
[714, 682, 683, 715]
[548, 549, 581, 580]
[305, 273, 274, 306]
[318, 319, 351, 350]
[611, 610, 642, 643]
[305, 273, 274, 306]
[318, 319, 351, 350]
[1023, 1022, 30, 31]
[829, 830, 798, 797]
[548, 549, 581, 580]
[231, 199, 200, 232]
[843, 811, 810, 842]
[617, 585, 586, 618]
[318, 319, 351, 350]
[829, 861, 860, 828]
[848, 880, 879, 847]
[617, 585, 586, 618]
[305, 273, 274, 306]
[880, 879, 847, 848]
[337, 338, 369, 370]
[714, 682, 683, 715]
[880, 879, 847, 848]
[318, 319, 351, 350]
[305, 273, 274, 306]
[548, 580, 581, 549]
[643, 611, 610, 642]
[972, 971, 1003, 1004]
[880, 879, 847, 848]
[503, 504, 472, 471]
[617, 585, 586, 618]
[187, 155, 156, 188]
[848, 880, 879, 847]
[587, 619, 588, 620]
[156, 188, 187, 155]
[516, 484, 485, 517]
[319, 351, 350, 318]
[714, 682, 683, 715]
[318, 319, 351, 350]
[928, 929, 961, 960]
[318, 319, 351, 350]
[829, 861, 860, 828]
[425, 393, 394, 426]
[549, 548, 580, 581]
[318, 319, 351, 350]
[305, 273, 274, 306]
[1022, 30, 31, 1023]
[880, 879, 847, 848]
[880, 879, 847, 848]
[1023, 1022, 30, 31]
[829, 861, 860, 828]
[548, 549, 581, 580]
[617, 585, 586, 618]
[285, 284, 252, 253]
[972, 971, 1003, 1004]
[187, 155, 156, 188]
[305, 273, 274, 306]
[643, 611, 610, 642]
[960, 928, 929, 961]
[305, 273, 274, 306]
[318, 319, 351, 350]
[426, 394, 393, 425]
[317, 349, 348, 316]
[305, 273, 274, 306]
[829, 861, 860, 828]
[318, 319, 351, 350]
[972, 971, 1003, 1004]
[318, 319, 351, 350]
[972, 971, 1003, 1004]
[829, 861, 860, 828]
[187, 155, 156, 188]
[714, 682, 683, 715]
[318, 319, 351, 350]
[305, 273, 274, 306]
[972, 971, 1003, 1004]
[941, 909, 910, 942]
[187, 155, 156, 188]
[339, 371, 372, 340]
[970, 938, 939, 971]
[643, 675, 676, 644]
[714, 682, 683, 715]
[880, 879, 847, 848]
[786, 787, 755, 754]
[843, 811, 810, 842]
[829, 861, 860, 828]
[714, 682, 683, 715]
[318, 319, 351, 350]
[714, 682, 683, 715]
[714, 682, 683, 715]
[617, 585, 586, 618]
[708, 740, 739, 707]
[848, 880, 879, 847]
[590, 589, 621, 622]
[426, 425, 393, 394]
[305, 273, 274, 306]
[617, 585, 586, 618]
[715, 714, 682, 683]
[84, 52, 53, 85]
[843, 811, 810, 842]
[1023, 1022, 30, 31]
[880, 879, 847, 848]
[654, 653, 685, 686]
[848, 880, 879, 847]
[880, 879, 847, 848]
[318, 319, 351, 350]
[284, 252, 253, 285]
[988, 956, 957, 989]
[829, 861, 860, 828]
[548, 580, 581, 549]
[332, 333, 301, 300]
[242, 210, 209, 241]
[305, 273, 274, 306]
[188, 187, 155, 156]
[880, 879, 847, 848]
[829, 861, 860, 828]
[426, 394, 393, 425]
[880, 879, 847, 848]
[305, 273, 274, 306]
[829, 861, 860, 828]
[274, 306, 305, 273]
[318, 319, 351, 350]
[843, 842, 810, 811]
[284, 252, 253, 285]
[617, 585, 586, 618]
[829, 861, 860, 828]
[1023, 1022, 30, 31]
[306, 274, 305, 273]
[305, 273, 274, 306]
[275, 276, 308, 307]
[425, 393, 394, 426]
[590, 589, 621, 622]
[272, 305, 337, 336, 303, 271]
[318, 319, 351, 350]
[303, 335, 334, 302]
[340, 339, 371, 372]
[829, 861, 860, 828]
[586, 618, 617, 585]
[880, 879, 847, 848]
[548, 580, 581, 549]
[714, 682, 683, 715]
[880, 879, 847, 848]
[523, 524, 556, 555]
[318, 319, 351, 350]
[683, 715, 714, 682]
[714, 682, 683, 715]
[829, 861, 860, 828]
[210, 209, 241, 242]
[548, 580, 581, 549]
[880, 879, 847, 848]
[880, 879, 847, 848]
[798, 797, 829, 830]
[756, 788, 789, 757]
[318, 319, 351, 350]
[305, 337, 336, 304]
[381, 413, 412, 380]
[303, 335, 334, 302]
[880, 879, 847, 848]
[848, 880, 879, 847]
[305, 273, 274, 306]
[305, 273, 274, 306]
[880, 879, 847, 848]
[318, 319, 351, 350]
[117, 116, 148, 149]
[591, 623, 592, 624]
[305, 273, 274, 306]
[683, 715, 714, 682]
[643, 675, 676, 644]
[303, 335, 334, 302]
[682, 714, 715, 683]
[829, 830, 798, 797]
[643, 675, 676, 644]
[843, 842, 810, 811]
[318, 319, 351, 350]
[548, 580, 581, 549]
[842, 843, 811, 810]
[843, 811, 810, 842]
[683, 715, 714, 682]
[425, 393, 394, 426]
[617, 585, 586, 618]
[548, 549, 581, 580]
[394, 426, 425, 393]
[305, 273, 274, 306]
[764, 796, 797, 765]
[617, 585, 586, 618]
[305, 273, 274, 306]
[284, 252, 253, 285]
[829, 861, 860, 828]
[843, 842, 810, 811]
[880, 879, 847, 848]
[284, 252, 253, 285]
[880, 879, 847, 848]
[303, 335, 334, 302]
[714, 682, 683, 715]
[305, 273, 274, 306]
[548, 549, 581, 580]
[829, 861, 860, 828]
[1023, 1022, 30, 31]
[786, 787, 755, 754]
[829, 861, 860, 828]
[303, 335, 334, 302]
[880, 879, 847, 848]
[617, 585, 586, 618]
[303, 335, 334, 302]
[714, 682, 683, 715]
[828, 829, 861, 860]
[425, 393, 394, 426]
[303, 335, 334, 302]
[843, 842, 810, 811]
[351, 350, 319, 318]
[880, 879, 847, 848]
[201, 233, 234, 202]
[548, 580, 581, 549]
[305, 273, 274, 306]
[590, 589, 621, 622]
[617, 585, 586, 618]
[960, 928, 929, 961]
[714, 682, 683, 715]
[843, 842, 810, 811]
[318, 319, 351, 350]
[617, 585, 586, 618]
[617, 585, 586, 618]
[960, 928, 929, 961]
[693, 661, 662, 694]
[303, 335, 334, 302]
[829, 861, 860, 828]
[788, 789, 757, 756]
[880, 879, 847, 848]
[303, 335, 334, 302]
[305, 273, 274, 306]
[425, 393, 394, 426]
[848, 880, 879, 847]
[369, 370, 338, 337]
[796, 764, 765, 797]
[31, 1023, 1022, 30]
[662, 661, 693, 694]
[756, 788, 789, 757]
[617, 585, 586, 618]
[425, 393, 394, 426]
[714, 682, 683, 715]
[318, 319, 351, 350]
[682, 683, 715, 714]
[960, 928, 929, 961]
[662, 661, 693, 694]
[305, 273, 274, 306]
[318, 319, 351, 350]
[424, 455, 454, 422, 391, 392]
[764, 796, 765, 797]
[880, 879, 847, 848]
[765, 797, 764, 796]
[714, 682, 683, 715]
[425, 393, 394, 426]
[843, 811, 810, 842]
[305, 273, 274, 306]
[548, 580, 581, 549]
[187, 155, 156, 188]
[682, 683, 715, 714]
[318, 319, 351, 350]
[714, 682, 683, 715]
[85, 84, 52, 53]
[714, 682, 683, 715]
[117, 149, 148, 116]
[829, 861, 860, 828]
[796, 764, 765, 797]
[714, 682, 683, 715]
[307, 308, 276, 275]
[1023, 1022, 30, 31]
[1023, 1022, 30, 31]
[789, 757, 756, 788]
[983, 1015, 1016, 984]
[1023, 1022, 30, 31]
[303, 335, 334, 302]
[548, 549, 581, 580]
[318, 319, 351, 350]
[318, 319, 351, 350]
[617, 585, 586, 618]
[318, 319, 351, 350]
[187, 155, 156, 188]
[714, 682, 683, 715]
[829, 861, 860, 828]
[31, 1023, 1022, 30]
[305, 273, 274, 306]
[843, 811, 810, 842]
[187, 155, 156, 188]
[829, 861, 860, 828]
[340, 372, 339, 371]
[318, 319, 351, 350]
[714, 682, 683, 715]
[548, 580, 581, 549]
[843, 811, 810, 842]
[426, 394, 393, 425]
[318, 319, 351, 350]
[353, 385, 384, 352]
[210, 209, 241, 242]
[617, 585, 586, 618]
[318, 319, 351, 350]
[305, 273, 274, 306]
[829, 861, 860, 828]
[880, 879, 847, 848]
[305, 273, 274, 306]
[548, 549, 581, 580]
[305, 273, 274, 306]
[843, 842, 810, 811]
[880, 879, 847, 848]
[683, 715, 714, 682]
[617, 585, 586, 618]
[318, 319, 351, 350]
[356, 324, 323, 355]
[318, 319, 351, 350]
[425, 393, 394, 426]
[338, 370, 369, 337]
[880, 879, 847, 848]
[425, 393, 394, 426]
[828, 860, 861, 829]
[425, 393, 394, 426]
[370, 338, 337, 369]
[318, 319, 351, 350]
[843, 811, 810, 842]
[305, 273, 274, 306]
[843, 811, 810, 842]
[983, 1015, 1016, 984]
[305, 273, 274, 306]
[843, 811, 810, 842]
[617, 585, 586, 618]
[555, 556, 523, 524]
[829, 861, 860, 828]
[973, 974, 1005, 1006]
[548, 549, 581, 580]
[880, 879, 847, 848]
[318, 317, 284, 252, 253, 286]
[305, 273, 274, 306]
[757, 756, 788, 789]
[714, 682, 683, 715]
[797, 796, 764, 765]
[829, 861, 860, 828]
[843, 811, 810, 842]
[880, 879, 847, 848]
[829, 830, 798, 797]
[187, 155, 156, 188]
[548, 549, 581, 580]
[305, 273, 274, 306]
[425, 393, 394, 426]
[617, 585, 586, 618]
[928, 929, 961, 960]
[617, 585, 586, 618]
[305, 273, 274, 306]
[305, 273, 274, 306]
[425, 393, 394, 426]
[31, 1023, 1022, 30]
[843, 811, 810, 842]
[880, 879, 847, 848]
[880, 879, 847, 848]
[843, 811, 810, 842]
[843, 811, 810, 842]
[843, 811, 810, 842]
[306, 274, 305, 273]
[757, 756, 788, 789]
[426, 425, 393, 394]
[643, 675, 676, 644]
[353, 385, 384, 352]
[1023, 1022, 30, 31]
[714, 682, 683, 715]
[1023, 1022, 30, 31]
[928, 929, 961, 960]
[756, 788, 789, 757]
[187, 155, 156, 188]
[305, 273, 274, 306]
[786, 787, 755, 754]
[683, 715, 714, 682]
[187, 155, 156, 188]
[187, 155, 156, 188]
[756, 788, 789, 757]
[1023, 1022, 30, 31]
[929, 928, 960, 961]
[426, 425, 393, 394]
[880, 879, 847, 848]
[426, 394, 425, 393]
[256, 287, 319, 288]
[682, 714, 683, 715]
[187, 155, 156, 188]
[662, 661, 693, 694]
[548, 549, 581, 580]
[714, 682, 683, 715]
[305, 273, 274, 306]
[843, 811, 810, 842]
[843, 811, 810, 842]
[318, 286, 285, 317]
[848, 880, 879, 847]
[548, 549, 581, 580]
[284, 252, 253, 285]
[880, 879, 847, 848]
[284, 252, 253, 285]
[811, 810, 842, 843]
[714, 682, 683, 715]
[1023, 1022, 30, 31]
[305, 273, 274, 306]
[843, 842, 810, 811]
[210, 209, 241, 242]
[843, 811, 810, 842]
[715, 714, 682, 683]
[1023, 1022, 30, 31]
[756, 788, 789, 757]
[187, 155, 156, 188]
[843, 842, 810, 811]
[617, 585, 586, 618]
[843, 811, 810, 842]
[251, 252, 220, 219]
[843, 842, 810, 811]
[617, 585, 586, 618]
[305, 273, 274, 306]
[843, 811, 810, 842]
[829, 797, 798, 830]
[714, 682, 683, 715]
[425, 393, 394, 426]
[880, 879, 847, 848]
[714, 682, 683, 715]
[425, 393, 394, 426]
[187, 155, 156, 188]
[188, 187, 155, 156]
[187, 155, 156, 188]
[303, 335, 334, 302]
[352, 353, 385, 384]
[425, 393, 394, 426]
[425, 393, 394, 426]
[273, 305, 274, 306]
[548, 549, 581, 580]
[786, 787, 755, 754]
[187, 155, 156, 188]
[353, 385, 384, 352]
[187, 155, 156, 188]
[880, 879, 847, 848]
[848, 847, 879, 880]
[187, 155, 156, 188]
[676, 644, 643, 675]
[273, 305, 274, 306]
[549, 548, 580, 581]
[880, 879, 847, 848]
[617, 585, 586, 618]
[843, 842, 810, 811]
[714, 682, 683, 715]
[306, 274, 273, 305]
[305, 273, 274, 306]
[187, 155, 156, 188]
[187, 155, 156, 188]
[617, 585, 586, 618]
[811, 810, 842, 843]
[880, 879, 847, 848]
[1023, 1022, 30, 31]
[306, 274, 273, 305]
[828, 829, 861, 860]
[828, 860, 861, 829]
[843, 842, 810, 811]
[305, 273, 274, 306]
[960, 928, 929, 961]
[30, 31, 1023, 1022]
[305, 273, 274, 306]
[425, 393, 394, 426]
[617, 585, 586, 618]
[714, 682, 683, 715]
[316, 317, 349, 348]
[394, 426, 425, 393]
[829, 797, 798, 830]
[209, 241, 242, 210]
[209, 241, 242, 210]
[339, 371, 372, 340]
[714, 682, 683, 715]
[305, 273, 274, 306]
[617, 585, 586, 618]
[187, 155, 156, 188]
[273, 305, 274, 306]
[1023, 1022, 30, 31]
[880, 879, 847, 848]
[754, 786, 787, 755]
[756, 788, 789, 757]
[754, 786, 787, 755]
[305, 273, 274, 306]
[880, 879, 847, 848]
[662, 661, 693, 694]
[274, 306, 305, 273]
[383, 352, 320, 351]
[880, 879, 847, 848]
[714, 682, 683, 715]
[618, 617, 585, 586]
[1022, 30, 31, 1023]
[617, 585, 586, 618]
[306, 274, 273, 305]
[62, 61, 29, 30]
[273, 305, 306, 274]
[788, 789, 757, 756]
[548, 549, 581, 580]
[880, 879, 847, 848]
[843, 842, 810, 811]
[187, 155, 156, 188]
[662, 661, 693, 694]
[880, 879, 847, 848]
[187, 155, 156, 188]
[548, 549, 581, 580]
[880, 879, 847, 848]
[843, 842, 810, 811]
[714, 682, 683, 715]
[394, 426, 425, 393]
[715, 714, 682, 683]
[305, 273, 274, 306]
[879, 880, 848, 847]
[714, 682, 683, 715]
[523, 524, 556, 555]
[305, 306, 274, 273]
[843, 811, 810, 842]
[305, 273, 274, 306]
[306, 305, 273, 274]
[209, 241, 242, 210]
[187, 188, 155, 156]
[548, 549, 581, 580]
[880, 879, 847, 848]
[842, 843, 811, 810]
[960, 928, 929, 961]
[848, 880, 879, 847]
[961, 929, 928, 960]
[425, 393, 426, 394]
[187, 155, 156, 188]
[585, 586, 617, 618]
[305, 273, 274, 306]
[842, 843, 811, 810]
[394, 426, 425, 393]
[187, 188, 155, 156]
[187, 188, 155, 156]
[425, 393, 394, 426]
[425, 393, 394, 426]
[548, 549, 581, 580]
[393, 394, 426, 425]
[843, 811, 810, 842]
[960, 928, 929, 961]
[843, 842, 810, 811]
[187, 155, 156, 188]
[617, 585, 586, 618]
[305, 273, 274, 306]
[714, 682, 683, 715]
[714, 682, 683, 715]
[843, 811, 810, 842]
[305, 273, 274, 306]
[843, 811, 810, 842]
[305, 273, 274, 306]
[848, 880, 879, 847]
[848, 880, 879, 847]
[187, 155, 156, 188]
[425, 393, 394, 426]
[843, 811, 810, 842]
[843, 811, 810, 842]
[305, 273, 274, 306]
[187, 155, 156, 188]
[548, 549, 581, 580]
[187, 155, 156, 188]
[880, 879, 847, 848]
[548, 549, 581, 580]
[393, 394, 426, 425]
[305, 273, 274, 306]
[305, 273, 274, 306]
[786, 787, 755, 754]
[829, 830, 798, 797]
[425, 393, 394, 426]
[829, 861, 860, 828]
[845, 844, 812, 813]
[810, 811, 843, 842]
[843, 811, 810, 842]
[843, 811, 810, 842]
[714, 682, 683, 715]
[961, 929, 928, 960]
[305, 273, 274, 306]
[848, 880, 879, 847]
[187, 155, 156, 188]
[714, 682, 683, 715]
[880, 879, 847, 848]
[425, 393, 394, 426]
[829, 861, 860, 828]
[187, 155, 156, 188]
[305, 273, 274, 306]
[187, 155, 156, 188]
[274, 273, 305, 306]
[188, 187, 155, 156]
[880, 879, 847, 848]
[829, 861, 860, 828]
[242, 210, 209, 241]
[394, 426, 425, 393]
[827, 859, 858, 826]
[155, 156, 188, 187]
[880, 879, 847, 848]
[829, 861, 860, 859, 827, 828, 826, 858]
[714, 682, 683, 715]
[960, 928, 929, 961]
[305, 273, 274, 306]
[843, 811, 810, 842]
[714, 682, 683, 715]
[848, 880, 879, 847]
[829, 861, 860, 828]
[843, 842, 810, 811]
[643, 675, 676, 644]
[960, 928, 929, 961]
[617, 585, 586, 618]
[548, 549, 581, 580]
[843, 811, 810, 842]
[829, 861, 860, 828]
[187, 155, 156, 188]
[714, 682, 683, 715]
[829, 861, 860, 828]
[786, 787, 755, 754]
[548, 549, 581, 580]
[425, 393, 394, 426]
[829, 828, 860, 861]
[786, 787, 755, 754]
[733, 701, 700, 732]
[843, 811, 810, 842]
[617, 585, 586, 618]
[617, 585, 586, 618]
[714, 682, 683, 715]
[843, 811, 810, 842]
[305, 273, 274, 306]
[548, 549, 581, 580]
[305, 273, 274, 306]
[829, 828, 860, 861]
[880, 879, 847, 848]
[617, 585, 586, 618]
[188, 187, 155, 156]
[714, 682, 683, 715]
[960, 928, 929, 961]
[845, 844, 812, 813]
[843, 811, 810, 842]
[714, 682, 683, 715]
[843, 811, 810, 842]
[786, 787, 755, 754]
[187, 155, 156, 188]
[187, 155, 156, 188]
[548, 549, 581, 580]
[156, 188, 187, 155]
[548, 549, 581, 580]
[242, 210, 209, 241]
[156, 188, 187, 155]
[811, 810, 842, 843]
[890, 889, 857, 858]
[305, 273, 274, 306]
[880, 879, 847, 848]
[305, 273, 274, 306]
[829, 861, 860, 828]
[548, 549, 581, 580]
[425, 393, 394, 426]
[829, 797, 798, 830]
[586, 618, 617, 585]
[617, 585, 586, 618]
[187, 155, 156, 188]
[662, 661, 693, 694]
[797, 798, 830, 829]
[425, 393, 394, 426]
[586, 618, 617, 585]
[548, 549, 581, 580]
[548, 580, 581, 549]
[425, 393, 394, 426]
[842, 843, 811, 810]
[305, 273, 274, 306]
[187, 155, 156, 188]
[242, 210, 209, 241]
[880, 879, 847, 848]
[305, 273, 274, 306]
[303, 335, 334, 302]
[236, 268, 269, 237]
[960, 928, 961, 929]
[425, 393, 394, 426]
[617, 585, 586, 618]
[796, 797, 765, 764]
[425, 393, 394, 426]
[829, 861, 860, 828]
[993, 992, 0, 1]
[960, 961, 929, 928]
[188, 187, 155, 156]
[828, 860, 861, 829]
[617, 585, 586, 618]
[960, 928, 929, 961]
[843, 811, 810, 842]
[155, 156, 188, 187]
[617, 585, 586, 618]
[156, 188, 187, 155]
[305, 273, 274, 306]
[305, 273, 274, 306]
[288, 319, 287, 256]
[288, 256, 287, 319]
[880, 879, 847, 848]
[811, 810, 842, 843]
[842, 843, 811, 810]
[786, 787, 755, 754]
[188, 187, 155, 156]
[683, 715, 714, 682]
[829, 861, 860, 828]
[648, 616, 617, 649]
[829, 861, 860, 828]
[187, 155, 156, 188]
[843, 811, 810, 842]
[843, 811, 810, 842]
[843, 842, 810, 811]
[305, 273, 274, 306]
[274, 306, 305, 273]
[843, 811, 810, 842]
[188, 187, 155, 156]
[305, 273, 274, 306]
[829, 861, 860, 828]
[425, 426, 394, 393]
[425, 393, 394, 426]
[305, 273, 274, 306]
[425, 393, 394, 426]
[880, 879, 847, 848]
[714, 682, 683, 715]
[305, 273, 274, 306]
[843, 842, 810, 811]
[797, 765, 764, 796]
[693, 694, 662, 661]
[643, 642, 610, 611]
[425, 393, 394, 426]
[880, 879, 847, 848]
[305, 273, 274, 306]
[425, 393, 394, 426]
[786, 787, 755, 754]
[425, 393, 394, 426]
[188, 187, 155, 156]
[843, 811, 810, 842]
[880, 879, 847, 848]
[683, 715, 714, 682]
[305, 273, 274, 306]
[880, 879, 847, 848]
[829, 861, 860, 828]
[425, 393, 394, 426]
[305, 273, 274, 306]
[960, 928, 929, 961]
[592, 624, 623, 591]
[450, 449, 481, 482]
[426, 394, 393, 425]
[548, 549, 581, 580]
[425, 393, 394, 426]
[425, 393, 394, 426]
[425, 393, 394, 426]
[714, 682, 683, 715]
[662, 661, 693, 694]
[683, 715, 714, 682]
[880, 879, 847, 848]
[928, 929, 961, 960]
[714, 682, 683, 715]
[880, 879, 847, 848]
[829, 861, 860, 828]
[843, 811, 810, 842]
[548, 549, 581, 580]
[829, 861, 860, 828]
[187, 155, 156, 188]
[880, 879, 847, 848]
[425, 393, 394, 426]
[187, 155, 156, 188]
[880, 879, 847, 848]
[829, 861, 860, 828]
[714, 682, 683, 715]
[845, 813, 812, 843, 811, 810, 842, 844]
[305, 273, 274, 306]
[961, 929, 928, 960]
[305, 273, 274, 306]
[305, 306, 274, 273]
[961, 929, 928, 960]
[188, 187, 155, 156]
[683, 715, 714, 682]
[305, 273, 274, 306]
[425, 393, 394, 426]
[305, 273, 274, 306]
[880, 879, 847, 848]
[187, 155, 156, 188]
[548, 549, 581, 580]
[555, 556, 523, 524]
[587, 588, 620, 619]
[715, 714, 682, 683]
[880, 879, 847, 848]
[843, 811, 810, 842]
[220, 252, 251, 219]
[187, 155, 156, 188]
[548, 549, 581, 580]
[843, 811, 810, 842]
[187, 155, 156, 188]
[843, 811, 810, 842]
[811, 810, 842, 843]
[662, 661, 693, 694]
[305, 273, 274, 306]
[714, 682, 683, 715]
[843, 811, 810, 842]
[714, 682, 683, 715]
[843, 811, 810, 842]
[426, 394, 393, 425]
[715, 714, 682, 683]
[662, 661, 693, 694]
[829, 861, 860, 828]
[305, 273, 274, 306]
[683, 715, 714, 682]
[960, 961, 929, 928]
[960, 928, 929, 961]
[187, 155, 156, 188]
[284, 252, 253, 285]
[381, 413, 412, 380]
[848, 880, 879, 847]
[829, 861, 860, 828]
[188, 187, 155, 156]
[425, 393, 394, 426]
[156, 188, 187, 155]
[880, 879, 847, 848]
[879, 847, 848, 880]
[425, 393, 394, 426]
[425, 393, 426, 394]
[829, 861, 860, 828]
[880, 879, 847, 848]
[829, 861, 860, 828]
[426, 394, 393, 425]
[829, 828, 860, 861]
[811, 843, 810, 842]
[683, 715, 714, 682]
[848, 880, 879, 847]
[810, 811, 842, 843]
[425, 393, 394, 426]
[425, 393, 394, 426]
[305, 273, 274, 306]
[662, 661, 693, 694]
[241, 242, 210, 209]
[187, 155, 156, 157, 158, 190, 189, 188]
[829, 861, 828, 860]
[843, 811, 810, 842]
[188, 187, 155, 156]
[306, 274, 273, 305]
[155, 156, 188, 187]
[188, 187, 155, 156]
[305, 273, 274, 306]
[843, 842, 810, 811]
[960, 928, 929, 961]
[305, 273, 274, 306]
[305, 273, 274, 306]
[829, 861, 860, 828]
[394, 426, 425, 393]
[188, 187, 155, 156]
[829, 861, 860, 828]
[187, 155, 156, 188]
[580, 548, 549, 581]
[548, 549, 581, 580]
[548, 549, 581, 580]
[843, 811, 810, 842]
[426, 394, 393, 425]
[880, 879, 847, 848]
[589, 621, 622, 590]
[425, 393, 426, 394]
[843, 842, 810, 811]
[843, 811, 810, 842]
[425, 393, 394, 426]
[756, 788, 789, 757]
[843, 811, 810, 842]
[306, 274, 273, 305]
[843, 842, 810, 811]
[284, 252, 253, 285]
[188, 187, 155, 156]
[210, 209, 241, 242]
[967, 999, 1000, 968]
[843, 842, 810, 811]
[187, 155, 156, 188]
[683, 715, 714, 682]
[714, 682, 683, 715]
[284, 252, 253, 285]
[715, 714, 682, 683]
[187, 155, 156, 188]
[828, 860, 861, 829]
[960, 928, 929, 961]
[843, 842, 810, 811]
[967, 999, 1000, 968]
[847, 879, 880, 848]
[880, 879, 847, 848]
[425, 393, 394, 426]
[548, 580, 581, 549]
[14, 46, 45, 13]
[714, 682, 683, 715]
[284, 252, 253, 285]
[880, 879, 847, 848]
[912, 911, 944, 943]
[715, 683, 714, 682]
[222, 190, 191, 192, 224, 255]
[715, 714, 682, 683]
[274, 273, 305, 306]
[714, 682, 683, 715]
[714, 682, 683, 715]
[425, 393, 394, 426]
[426, 394, 393, 425]
[683, 715, 714, 682]
[843, 811, 810, 842]
[662, 661, 693, 694]
[714, 682, 683, 715]
[960, 928, 929, 961]
[187, 155, 156, 188]
[682, 683, 715, 714]
[829, 797, 798, 830]
[662, 661, 693, 694]
[580, 548, 549, 581]
[305, 273, 306, 274]
[843, 811, 810, 842]
[305, 273, 274, 306]
[425, 426, 394, 393]
[284, 252, 253, 285]
[714, 682, 683, 715]
[714, 682, 683, 715]
[843, 811, 810, 842]
[622, 621, 589, 590]
[284, 252, 253, 285]
[187, 155, 156, 188]
[960, 928, 929, 961]
[843, 811, 810, 842]
[786, 787, 755, 754]
[284, 252, 253, 285]
[662, 661, 693, 694]
[425, 393, 394, 426]
[960, 928, 929, 961]
[643, 611, 610, 642]
[880, 879, 847, 848]
[188, 187, 155, 156]
[960, 928, 929, 961]
[188, 187, 155, 156]
[740, 739, 707, 708]
[812, 813, 845, 844]
[305, 273, 274, 306]
[548, 580, 581, 549]
[662, 661, 693, 694]
[829, 830, 798, 797]
[425, 393, 394, 426]
[273, 305, 274, 306]
[829, 861, 860, 828]
[242, 210, 209, 241]
[381, 413, 412, 380]
[426, 394, 393, 425]
[714, 682, 683, 715]
[844, 812, 813, 845]
[662, 661, 693, 694]
[187, 155, 156, 188]
[662, 661, 693, 694]
[993, 992, 0, 1]
[714, 682, 683, 715]
[426, 394, 393, 425]
[339, 371, 372, 340]
[662, 661, 693, 694]
[426, 394, 425, 393]
[662, 661, 693, 694]
[187, 155, 156, 188]
[754, 786, 787, 755]
[993, 992, 0, 1]
[843, 811, 810, 842]
[305, 273, 274, 306]
[843, 811, 810, 842]
[880, 879, 847, 848]
[848, 880, 879, 847]
[714, 682, 683, 715]
[381, 413, 412, 380]
[305, 273, 274, 306]
[786, 787, 755, 754]
[714, 682, 683, 715]
[306, 274, 273, 305]
[757, 756, 788, 789]
[828, 860, 861, 829]
[828, 860, 861, 829]
[425, 393, 394, 426]
[843, 811, 810, 842]
[303, 335, 334, 302]
[756, 788, 789, 757]
[843, 811, 810, 842]
[187, 155, 156, 188]
[714, 682, 683, 715]
[187, 155, 156, 188]
[305, 273, 274, 306]
[843, 811, 810, 842]
[714, 682, 683, 715]
[425, 393, 394, 426]
[960, 928, 929, 961]
[274, 306, 273, 305]
[786, 787, 755, 754]
[960, 928, 929, 961]
[425, 393, 394, 426]
[662, 661, 693, 694]
[714, 682, 683, 715]
[303, 335, 334, 302]
[348, 316, 317, 349]
[394, 426, 425, 393]
[425, 393, 394, 426]
[381, 413, 412, 380]
[756, 788, 789, 757]
[305, 273, 274, 306]
[335, 334, 302, 303]
[828, 860, 861, 829]
[425, 393, 394, 426]
[155, 156, 188, 187]
[187, 155, 156, 188]
[394, 426, 425, 393]
[829, 861, 860, 828]
[843, 811, 810, 842]
[188, 187, 155, 156]
[305, 273, 274, 306]
[305, 273, 274, 306]
[187, 155, 156, 188]
[580, 548, 549, 581]
[590, 589, 621, 622]
[960, 928, 929, 961]
[394, 426, 425, 393]
[662, 661, 693, 694]
[714, 682, 683, 715]
[843, 842, 810, 811]
[241, 242, 210, 209]
[683, 715, 714, 682]
[305, 273, 274, 306]
[425, 393, 394, 426]
[843, 811, 810, 842]
[714, 682, 683, 715]
[829, 861, 860, 828]
[829, 861, 860, 828]
[829, 861, 860, 828]
[188, 187, 155, 156]
[714, 682, 683, 715]
[715, 714, 682, 683]
[756, 788, 789, 757]
[683, 715, 714, 682]
[714, 682, 683, 715]
[786, 787, 755, 754]
[829, 861, 860, 828]
[843, 811, 810, 842]
[381, 413, 412, 380]
[812, 813, 845, 844]
[305, 273, 274, 306]
[425, 393, 394, 426]
[187, 155, 156, 188]
[715, 683, 714, 682]
[683, 715, 714, 682]
[305, 273, 274, 306]
[305, 273, 274, 306]
[714, 715, 683, 682]
[188, 187, 155, 156]
[829, 861, 860, 828]
[284, 252, 253, 285]
[305, 273, 274, 306]
[754, 786, 787, 755]
[305, 273, 274, 306]
[305, 273, 274, 306]
[848, 880, 879, 847]
[829, 861, 860, 828]
[425, 393, 394, 426]
[425, 393, 394, 426]
[788, 789, 757, 756]
[929, 928, 960, 961]
[523, 524, 556, 555]
[188, 187, 155, 156]
[715, 714, 682, 683]
[425, 393, 394, 426]
[756, 788, 789, 757]
[960, 961, 928, 929]
[187, 155, 156, 188]
[242, 210, 209, 241]
[843, 811, 810, 842]
[187, 155, 156, 188]
[928, 929, 961, 960]
[305, 273, 274, 306]
[714, 682, 683, 715]
[425, 393, 394, 426]
[714, 682, 683, 715]
[880, 879, 847, 848]
[425, 393, 394, 426]
[786, 787, 755, 754]
[714, 682, 683, 715]
[305, 273, 274, 306]
[714, 682, 683, 715]
[960, 928, 929, 961]
[829, 861, 860, 828]
[786, 787, 755, 754]
[305, 273, 274, 306]
[317, 349, 348, 316]
[714, 682, 683, 715]
[714, 682, 683, 715]
[829, 861, 860, 828]
[372, 340, 339, 371]
[425, 393, 394, 427, 426, 395, 396, 428]
[305, 273, 274, 306]
[187, 155, 156, 188]
[786, 787, 755, 754]
[829, 861, 860, 828]
[848, 880, 879, 847]
[843, 811, 810, 842]
[305, 273, 274, 306]
[829, 861, 860, 828]
[757, 756, 788, 789]
[425, 393, 394, 426]
[843, 811, 810, 842]
[673, 705, 704, 672]
[187, 155, 156, 188]
[662, 661, 693, 694]
[590, 589, 621, 622]
[683, 715, 714, 682]
[928, 929, 961, 960]
[548, 549, 581, 580]
[425, 393, 394, 426]
[843, 811, 810, 842]
[843, 811, 810, 842]
[961, 929, 928, 960]
[284, 252, 253, 285]
[714, 682, 683, 715]
[828, 860, 861, 829]
[425, 426, 394, 393]
[381, 413, 412, 380]
[305, 273, 274, 306]
[829, 861, 860, 828]
[242, 210, 209, 241]
[843, 811, 810, 842]
[548, 549, 581, 580]
[305, 273, 274, 306]
[843, 811, 810, 842]
[340, 339, 371, 372]
[880, 879, 847, 848]
[715, 714, 682, 683]
[754, 786, 787, 755]
[683, 715, 714, 682]
[714, 682, 683, 715]
[187, 155, 156, 188]
[683, 715, 714, 682]
[187, 155, 156, 188]
[843, 811, 810, 842]
[305, 273, 306, 274]
[548, 549, 581, 580]
[425, 393, 426, 394]
[305, 273, 274, 306]
[425, 393, 426, 394]
[662, 661, 693, 694]
[786, 787, 755, 754]
[187, 155, 156, 188]
[548, 549, 581, 580]
[786, 787, 755, 754]
[929, 928, 960, 961]
[305, 273, 274, 306]
[548, 549, 581, 580]
[590, 589, 621, 622]
[548, 549, 581, 580]
[187, 155, 156, 188]
[187, 155, 156, 188]
[683, 715, 714, 682]
[338, 370, 369, 337]
[811, 810, 842, 843]
[880, 879, 847, 848]
[393, 425, 394, 426]
[426, 394, 393, 425]
[829, 828, 860, 861]
[843, 811, 810, 842]
[425, 393, 394, 426]
[848, 880, 879, 847]
[425, 393, 394, 426]
[843, 811, 810, 842]
[880, 879, 847, 848]
[305, 273, 274, 306]
[187, 155, 156, 188]
[843, 811, 810, 842]
[714, 682, 683, 715]
[960, 928, 929, 961]
[880, 879, 847, 848]
[714, 682, 683, 715]
[960, 961, 929, 928]
[786, 787, 755, 754]
[305, 273, 274, 306]
[188, 187, 155, 156]
[789, 757, 756, 788]
[381, 413, 412, 380]
[848, 847, 879, 880]
[187, 155, 156, 188]
[393, 425, 394, 426]
[187, 155, 156, 188]
[361, 329, 330, 362]
[786, 787, 755, 754]
[662, 661, 693, 694]
[284, 252, 253, 285]
[305, 273, 274, 306]
[811, 843, 810, 842]
[425, 393, 394, 426]
[843, 811, 810, 842]
[643, 611, 610, 642]
[843, 842, 810, 811]
[548, 580, 581, 549]
[714, 682, 683, 715]
[829, 861, 860, 828]
[999, 1000, 968, 967]
[188, 187, 155, 156]
[843, 811, 810, 842]
[187, 188, 155, 156]
[829, 861, 860, 828]
[155, 187, 156, 188]
[829, 861, 860, 828]
[683, 715, 714, 682]
[425, 393, 394, 426]
[843, 811, 810, 842]
[714, 682, 683, 715]
[843, 811, 810, 842]
[425, 393, 394, 426]
[187, 155, 156, 188]
[715, 714, 682, 683]
[662, 661, 693, 694]
[828, 860, 861, 829]
[284, 252, 253, 285]
[305, 273, 274, 306]
[828, 860, 861, 829]
[786, 787, 755, 754]
[187, 155, 156, 188]
[828, 860, 861, 829]
[305, 273, 274, 306]
[880, 848, 847, 879]
[757, 756, 788, 789]
[843, 811, 810, 842]
[828, 860, 861, 829]
[714, 682, 683, 715]
[714, 682, 683, 715]
[786, 787, 755, 754]
[305, 273, 274, 306]
[786, 787, 755, 754]
[394, 426, 393, 425]
[187, 188, 155, 156]
[843, 811, 810, 842]
[829, 861, 860, 828]
[960, 928, 929, 961]
[683, 715, 714, 682]
[715, 683, 714, 682]
[829, 861, 860, 828]
[843, 811, 810, 842]
[928, 960, 929, 961]
[549, 548, 580, 581]
[590, 589, 621, 622]
[714, 715, 682, 683]
[829, 861, 860, 828]
[880, 879, 847, 848]
[829, 861, 860, 828]
[960, 928, 929, 961]
[829, 861, 860, 828]
[683, 715, 714, 682]
[187, 155, 156, 188]
[548, 549, 581, 580]
[425, 393, 394, 426]
[425, 393, 394, 426]
[960, 928, 929, 961]
[548, 549, 581, 580]
[187, 155, 156, 188]
[654, 653, 685, 686]
[394, 426, 425, 393]
[305, 306, 273, 274]
[503, 471, 504, 472]
[425, 393, 394, 426]
[999, 967, 1000, 968]
[960, 928, 929, 961]
[828, 860, 861, 829]
[305, 273, 274, 306]
[643, 642, 610, 611]
[786, 787, 755, 754]
[960, 928, 929, 961]
[683, 715, 714, 682]
[662, 661, 693, 694]
[187, 155, 156, 188]
[305, 273, 306, 274]
[757, 756, 788, 789]
[305, 273, 274, 306]
[209, 241, 242, 210]
[380, 381, 413, 412]
[305, 273, 274, 306]
[714, 682, 683, 715]
[187, 155, 156, 188]
[548, 549, 581, 580]
[756, 788, 789, 757]
[662, 661, 693, 694]
[425, 393, 394, 426]
[210, 209, 241, 242]
[381, 413, 412, 380]
[426, 394, 425, 393]
[394, 426, 425, 393]
[843, 811, 810, 842]
[425, 393, 394, 426]
[829, 861, 860, 828]
[843, 811, 810, 842]
[843, 811, 810, 842]
[843, 811, 810, 842]
[548, 549, 581, 580]
[187, 155, 156, 188]
[960, 928, 929, 961]
[715, 714, 682, 683]
[305, 273, 274, 306]
[880, 879, 847, 848]
[960, 928, 929, 961]
[662, 661, 693, 694]
[829, 861, 860, 828]
[187, 155, 156, 188]
[714, 715, 682, 683]
[683, 715, 714, 682]
[960, 928, 929, 961]
[880, 879, 847, 848]
[843, 811, 810, 842]
[880, 879, 847, 848]
[714, 682, 683, 715]
[960, 928, 929, 961]
[960, 928, 929, 961]
[788, 789, 757, 756]
[880, 879, 847, 848]
[843, 811, 810, 842]
[662, 661, 693, 694]
[786, 787, 755, 754]
[683, 715, 714, 682]
[828, 860, 861, 829]
[425, 393, 394, 426]
[187, 155, 156, 188]
[811, 810, 842, 843]
[187, 155, 156, 188]
[928, 929, 961, 960]
[306, 274, 273, 305]
[960, 928, 929, 961]
[848, 880, 879, 847]
[305, 273, 274, 306]
[829, 861, 860, 828]
[187, 155, 156, 188]
[843, 811, 810, 842]
[960, 928, 929, 961]
[715, 714, 682, 683]
[187, 155, 156, 188]
[187, 155, 156, 188]
[682, 683, 715, 714]
[425, 393, 394, 426]
[842, 843, 811, 810]
[287, 319, 256, 288]
[929, 928, 960, 961]
[843, 811, 810, 842]
[757, 756, 788, 789]
[188, 187, 155, 156]
[187, 155, 156, 188]
[880, 879, 847, 848]
[714, 682, 683, 715]
[139, 140, 171, 172]
[960, 928, 929, 961]
[548, 549, 581, 580]
[425, 393, 394, 426]
[187, 155, 156, 188]
[683, 715, 714, 682]
[960, 928, 929, 961]
[548, 549, 581, 580]
[828, 860, 861, 829]
[848, 880, 879, 847]
[843, 811, 810, 842]
[683, 715, 714, 682]
[187, 155, 156, 188]
[880, 879, 847, 848]
[880, 879, 847, 848]
[843, 811, 810, 842]
[187, 155, 156, 188]
[187, 155, 156, 188]
[187, 155, 156, 188]
[754, 786, 787, 755]
[960, 928, 929, 961]
[754, 786, 787, 755]
[754, 786, 787, 755]
[394, 426, 425, 393]
[682, 714, 683, 715]
[188, 187, 155, 156]
[305, 273, 274, 306]
[880, 879, 847, 848]
[777, 778, 809, 842, 843, 811]
[548, 549, 581, 580]
[788, 789, 757, 756]
[187, 155, 156, 188]
[786, 787, 755, 754]
[187, 155, 156, 188]
[960, 928, 929, 961]
[754, 786, 787, 755]
[187, 155, 156, 188]
[305, 273, 274, 306]
[844, 812, 813, 845]
[714, 682, 683, 715]
[715, 714, 682, 683]
[662, 661, 693, 694]
[548, 549, 581, 580]
[426, 394, 393, 425]
[683, 715, 682, 714]
[187, 155, 156, 188]
[714, 682, 683, 715]
[548, 549, 581, 580]
[960, 928, 929, 961]
[305, 273, 274, 306]
[425, 393, 394, 426]
[960, 928, 929, 961]
[715, 714, 682, 683]
[188, 156, 155, 187]
[187, 155, 156, 188]
[786, 787, 755, 754]
[813, 845, 844, 812]
[960, 928, 929, 961]
[829, 861, 860, 828]
[848, 847, 879, 880]
[155, 187, 188, 156]
[523, 524, 556, 555]
[828, 860, 861, 829]
[829, 861, 860, 828]
[425, 393, 394, 426]
[880, 879, 847, 848]
[714, 682, 683, 715]
[928, 929, 961, 960]
[829, 861, 860, 828]
[188, 187, 155, 156]
[845, 844, 812, 813]
[683, 715, 714, 682]
[929, 928, 960, 961]
[187, 155, 156, 188]
[662, 661, 693, 694]
[426, 425, 393, 394]
[960, 928, 929, 961]
[848, 880, 879, 847]
[187, 155, 156, 188]
[844, 812, 813, 845]
[523, 524, 556, 555]
[848, 880, 879, 847]
[426, 394, 393, 425]
[305, 273, 274, 306]
[960, 928, 929, 961]
[274, 306, 273, 305]
[662, 661, 693, 694]
[339, 371, 372, 340]
[714, 682, 683, 715]
[714, 682, 683, 715]
[848, 880, 879, 847]
[848, 880, 879, 847]
[425, 393, 394, 426]
[756, 788, 789, 757]
[829, 861, 860, 828]
[928, 929, 961, 960]
[523, 524, 556, 555]
[714, 682, 683, 715]
[844, 812, 813, 845]
[714, 682, 683, 715]
[305, 273, 274, 306]
[305, 273, 274, 306]
[188, 187, 155, 156]
[683, 715, 714, 682]
[188, 189, 221, 220]
[756, 788, 789, 757]
[829, 861, 860, 828]
[715, 714, 682, 683]
[715, 714, 682, 683]
[880, 879, 847, 848]
[928, 929, 961, 960]
[786, 787, 755, 754]
[340, 339, 371, 372]
[305, 273, 274, 306]
[425, 393, 394, 426]
[829, 797, 798, 830]
[829, 830, 798, 797]
[848, 880, 879, 847]
[786, 787, 755, 754]
[813, 812, 845, 844]
[756, 757, 788, 789]
[829, 861, 860, 828]
[714, 682, 683, 715]
[829, 861, 860, 828]
[682, 714, 683, 715]
[381, 413, 412, 380]
[425, 393, 394, 426]
[714, 682, 683, 715]
[284, 252, 253, 285]
[683, 715, 714, 682]
[425, 393, 394, 426]
[714, 682, 683, 715]
[426, 394, 393, 425]
[683, 715, 714, 682]
[848, 880, 879, 847]
[425, 393, 394, 426]
[714, 682, 683, 715]
[305, 273, 274, 306]
[715, 714, 682, 683]
[381, 413, 412, 380]
[714, 682, 713, 681, 715, 683, 680, 712]
[960, 928, 929, 961]
[829, 861, 860, 828]
[13, 14, 46, 45]
[587, 588, 620, 619]
[220, 187, 155, 156, 189, 221]
[829, 828, 860, 861]
[305, 273, 274, 306]
[683, 715, 714, 682]
[273, 305, 274, 306]
[305, 273, 274, 306]
[848, 880, 879, 847]
[548, 549, 581, 580]
[880, 879, 847, 848]
[847, 879, 880, 848]
[880, 879, 847, 848]
[548, 549, 581, 580]
