[453, 454, 486, 485]
[645, 644, 612, 613]
[401, 433, 434, 402]
[154, 155, 123, 122]
[947, 948, 916, 915]
[146, 147, 115, 114]
[492, 493, 525, 524]
[885, 917, 916, 884]
[408, 407, 439, 440]
[257, 289, 258, 290]
[741, 740, 772, 773]
[692, 724, 693, 725]
[890, 891, 923, 922]
[422, 390, 421, 389]
[491, 490, 522, 523]
[650, 618, 619, 651]
[122, 121, 89, 90]
[953, 921, 922, 954]
[636, 604, 603, 635]
[1017, 1016, 24, 25]
[591, 592, 623, 624]
[963, 931, 899, 898, 930, 962, 867, 866]
[244, 276, 277, 245]
[247, 279, 246, 278]
[121, 153, 120, 152]
[92, 60, 93, 61]
[438, 437, 405, 406]
[234, 202, 266, 298, 297, 265, 233, 201]
[570, 538, 602, 634, 666, 698, 633, 601, 569, 537, 665, 697]
[132, 100, 133, 101]
[415, 447, 479, 511, 384, 416, 448, 480]
[685, 717, 684, 716]
[692, 724, 693, 725]
[832, 864, 863, 895]
[552, 520, 584, 616, 583, 551, 615, 519]
[352, 320, 384, 416, 447, 415, 383, 351]
[959, 991, 958, 990]
[147, 115, 146, 114]
[530, 562, 529, 561]
[987, 1019, 27, 955, 59, 91, 90, 58, 26, 1018, 986, 954]
[742, 774, 710, 678, 743, 775, 711, 679]
[393, 361, 392, 360]
[575, 607, 606, 574]
[367, 335, 368, 336]
[606, 574, 607, 575]
[212, 180, 213, 181]
[109, 77, 110, 78]
[423, 391, 392, 424]
[516, 484, 452, 420, 453, 421, 485, 517]
[109, 77, 110, 78]
[939, 907, 940, 908]
[403, 371, 339, 307, 275, 243, 211, 179, 147, 115, 338, 370, 402, 306, 274, 242, 210, 178, 146, 114]
[860, 828, 861, 829]
[638, 606, 637, 605]
[43, 11, 44, 12]
[164, 132, 163, 131]
[85, 53, 21, 1013, 20, 52, 84, 1012]
[826, 858, 827, 859]
[20, 1012, 21, 1013]
[565, 533, 566, 534]
[628, 660, 629, 661]
[558, 590, 526, 494, 495, 527, 559, 591]
[545, 513, 481, 449, 450, 482, 514, 546]
[487, 519, 486, 518]
[18, 1010, 978, 946, 947, 979, 1011, 19]
[81, 49, 80, 48]
[825, 857, 824, 856]
[819, 851, 850, 818]
[611, 579, 612, 580]
[1022, 30, 62, 990, 1021, 989, 29, 61]
[308, 276, 307, 275]
[570, 538, 569, 537]
[287, 319, 288, 256]
[104, 72, 103, 71]
[1002, 10, 1003, 11]
[208, 176, 209, 177]
[58, 90, 59, 91]
[722, 690, 754, 786, 818, 850, 658, 626, 627, 659, 691, 723, 755, 787, 819, 851]
[621, 589, 653, 685, 686, 654, 622, 590]
[761, 793, 760, 792]
[655, 623, 654, 622]
[622, 654, 590, 558, 591, 559, 623, 655]
[379, 347, 411, 443, 444, 412, 380, 348]
[93, 61, 125, 157, 92, 124, 156, 60]
[428, 460, 429, 461]
[63, 31, 32, 0]
[309, 341, 308, 340]
[826, 794, 793, 825]
[981, 949, 980, 948]
[959, 927, 928, 896]
[926, 894, 862, 958, 893, 925, 957, 861]
[294, 262, 230, 198, 166, 134, 165, 197, 229, 261, 293, 133]
[227, 195, 196, 228]
[253, 285, 317, 221, 222, 254, 286, 318]
[268, 300, 299, 267]
[901, 869, 868, 900]
[87, 119, 120, 88]
[54, 22, 86, 118, 150, 182, 85, 117, 53, 21, 149, 181]
[5, 37, 6, 38]
[546, 514, 545, 513]
[185, 153, 154, 186]
[79, 47, 78, 46]
[862, 894, 926, 958, 990, 1022, 1021, 989, 957, 925, 893, 861]
[18, 1010, 19, 1011]
[140, 172, 171, 139]
[31, 1023, 63, 95, 30, 62, 1022, 94]
[117, 149, 181, 85, 53, 21, 213, 245, 277, 309, 310, 278, 246, 214, 182, 150, 118, 86, 54, 22]
[835, 803, 867, 899, 898, 866, 834, 802]
[528, 560, 496, 464, 527, 559, 495, 463]
[718, 686, 687, 719]
[351, 383, 352, 320]
[212, 180, 244, 276, 277, 245, 213, 181]
[453, 485, 454, 486]
[32, 0, 63, 31]
[290, 258, 226, 322, 354, 194, 225, 257, 289, 321, 353, 193]
[924, 892, 925, 893]
[591, 559, 623, 655, 654, 622, 590, 558]
[232, 200, 231, 199]
[472, 504, 471, 503]
[805, 837, 773, 741, 740, 772, 804, 836]
[476, 444, 412, 508, 475, 507, 443, 411]
[519, 551, 520, 552]
[998, 6, 966, 934, 935, 967, 999, 7]
[675, 707, 643, 611, 706, 674, 642, 610]
[1018, 986, 1017, 985]
[549, 581, 517, 485, 484, 516, 548, 580]
[639, 671, 670, 638]
[126, 94, 158, 190, 125, 93, 157, 189]
[674, 706, 642, 610, 738, 770, 707, 739, 675, 643, 611, 771]
[1010, 978, 1009, 977]
[49, 81, 48, 80]
[447, 415, 416, 384]
[691, 723, 722, 690]
[607, 575, 639, 671, 606, 638, 670, 574]
[359, 327, 360, 328]
[990, 958, 926, 1022, 30, 62, 989, 1021, 29, 61, 957, 925]
[923, 891, 955, 987, 922, 890, 954, 986]
[403, 435, 436, 404]
[1013, 21, 53, 85, 52, 84, 20, 1012]
[765, 733, 701, 669, 797, 829, 798, 766, 830, 734, 702, 670]
[182, 150, 181, 149]
[857, 825, 856, 824]
[146, 114, 178, 210, 82, 242, 50, 18, 274, 306, 338, 370, 113, 81, 145, 49, 177, 17, 209, 241, 273, 305, 337, 369]
[3, 995, 963, 931, 962, 930, 994, 2]
[554, 522, 553, 521]
[829, 797, 765, 733, 701, 669, 830, 798, 766, 734, 702, 670]
[210, 178, 146, 114, 147, 115, 179, 211]
[670, 702, 669, 701]
